[debug] [2026-05-15T12:30:00.142Z] ----------------------------------------------------------------------
[debug] [2026-05-15T12:30:00.145Z] Command:       /home/travis/.nvm/versions/node/v24.12.0/bin/node /home/travis/.nvm/versions/node/v24.12.0/bin/firebase deploy --only functions
[debug] [2026-05-15T12:30:00.145Z] CLI Version:   15.18.0
[debug] [2026-05-15T12:30:00.146Z] Platform:      linux
[debug] [2026-05-15T12:30:00.146Z] Node Version:  v24.12.0
[debug] [2026-05-15T12:30:00.146Z] Time:          Fri May 15 2026 14:30:00 GMT+0200 (South Africa Standard Time)
[debug] [2026-05-15T12:30:00.146Z] ----------------------------------------------------------------------
[debug] 
[debug] [2026-05-15T12:30:01.286Z] > command requires scopes: ["email","openid","https://www.googleapis.com/auth/cloudplatformprojects.readonly","https://www.googleapis.com/auth/firebase","https://www.googleapis.com/auth/cloud-platform"]
[debug] [2026-05-15T12:30:01.286Z] > authorizing via signed-in user (nextgenskills96@gmail.com)
[debug] [2026-05-15T12:30:01.287Z] [iam] checking project eduplanet-exam-results for permissions ["cloudfunctions.functions.create","cloudfunctions.functions.delete","cloudfunctions.functions.get","cloudfunctions.functions.list","cloudfunctions.functions.update","cloudfunctions.operations.get","firebase.projects.get"]
[debug] [2026-05-15T12:30:01.288Z] Checked if tokens are valid: false, expires at: 1778848634046
[debug] [2026-05-15T12:30:01.288Z] Checked if tokens are valid: false, expires at: 1778848634046
[debug] [2026-05-15T12:30:01.288Z] > refreshing access token with scopes: []
[debug] [2026-05-15T12:30:01.290Z] >>> [apiv2][query] POST https://www.googleapis.com/oauth2/v3/token [none]
[debug] [2026-05-15T12:30:01.290Z] >>> [apiv2][body] POST https://www.googleapis.com/oauth2/v3/token [omitted]
[debug] [2026-05-15T12:30:01.808Z] <<< [apiv2][status] POST https://www.googleapis.com/oauth2/v3/token 200
[debug] [2026-05-15T12:30:01.808Z] <<< [apiv2][body] POST https://www.googleapis.com/oauth2/v3/token [omitted]
[debug] [2026-05-15T12:30:01.828Z] >>> [apiv2][query] POST https://cloudresourcemanager.googleapis.com/v1/projects/eduplanet-exam-results:testIamPermissions [none]
[debug] [2026-05-15T12:30:01.828Z] >>> [apiv2][(partial)header] POST https://cloudresourcemanager.googleapis.com/v1/projects/eduplanet-exam-results:testIamPermissions  x-goog-user-project=eduplanet-exam-results
[debug] [2026-05-15T12:30:01.828Z] >>> [apiv2][body] POST https://cloudresourcemanager.googleapis.com/v1/projects/eduplanet-exam-results:testIamPermissions {"permissions":["cloudfunctions.functions.create","cloudfunctions.functions.delete","cloudfunctions.functions.get","cloudfunctions.functions.list","cloudfunctions.functions.update","cloudfunctions.operations.get","firebase.projects.get"]}
[debug] [2026-05-15T12:30:03.580Z] <<< [apiv2][status] POST https://cloudresourcemanager.googleapis.com/v1/projects/eduplanet-exam-results:testIamPermissions 200
[debug] [2026-05-15T12:30:03.580Z] <<< [apiv2][body] POST https://cloudresourcemanager.googleapis.com/v1/projects/eduplanet-exam-results:testIamPermissions {"permissions":["cloudfunctions.functions.create","cloudfunctions.functions.delete","cloudfunctions.functions.get","cloudfunctions.functions.list","cloudfunctions.functions.update","cloudfunctions.operations.get","firebase.projects.get"]}
[debug] [2026-05-15T12:30:03.581Z] Checked if tokens are valid: true, expires at: 1778851800808
[debug] [2026-05-15T12:30:03.581Z] Checked if tokens are valid: true, expires at: 1778851800808
[debug] [2026-05-15T12:30:03.581Z] >>> [apiv2][query] POST https://iam.googleapis.com/v1/projects/eduplanet-exam-results/serviceAccounts/eduplanet-exam-results@appspot.gserviceaccount.com:testIamPermissions [none]
[debug] [2026-05-15T12:30:03.581Z] >>> [apiv2][body] POST https://iam.googleapis.com/v1/projects/eduplanet-exam-results/serviceAccounts/eduplanet-exam-results@appspot.gserviceaccount.com:testIamPermissions {"permissions":["iam.serviceAccounts.actAs"]}
[debug] [2026-05-15T12:30:05.330Z] <<< [apiv2][status] POST https://iam.googleapis.com/v1/projects/eduplanet-exam-results/serviceAccounts/eduplanet-exam-results@appspot.gserviceaccount.com:testIamPermissions 200
[debug] [2026-05-15T12:30:05.330Z] <<< [apiv2][body] POST https://iam.googleapis.com/v1/projects/eduplanet-exam-results/serviceAccounts/eduplanet-exam-results@appspot.gserviceaccount.com:testIamPermissions {"permissions":["iam.serviceAccounts.actAs"]}
[info] 
[info] === Deploying to 'eduplanet-exam-results'...
[info] 
[info] i  deploying functions 
[debug] [2026-05-15T12:30:05.341Z] Checked if tokens are valid: true, expires at: 1778851800808
[debug] [2026-05-15T12:30:05.342Z] Checked if tokens are valid: true, expires at: 1778851800808
[debug] [2026-05-15T12:30:05.342Z] >>> [apiv2][query] GET https://cloudresourcemanager.googleapis.com/v1/projects/eduplanet-exam-results [none]
[debug] [2026-05-15T12:30:05.677Z] <<< [apiv2][status] GET https://cloudresourcemanager.googleapis.com/v1/projects/eduplanet-exam-results 200
[debug] [2026-05-15T12:30:05.677Z] <<< [apiv2][body] GET https://cloudresourcemanager.googleapis.com/v1/projects/eduplanet-exam-results {"projectNumber":"364922806641","projectId":"eduplanet-exam-results","lifecycleState":"ACTIVE","name":"EduPlanet Exam Results","labels":{"firebase":"enabled","firebase-core":"disabled"},"createTime":"2025-04-30T10:40:30.196294Z"}
[info] i  functions: preparing codebase default for deployment 
[info] i  functions: ensuring required API cloudfunctions.googleapis.com is enabled... 
[info] i  functions: ensuring required API cloudbuild.googleapis.com is enabled... 
[info] i  artifactregistry: ensuring required API artifactregistry.googleapis.com is enabled... 
[debug] [2026-05-15T12:30:05.681Z] Checked if tokens are valid: true, expires at: 1778851800808
[debug] [2026-05-15T12:30:05.681Z] Checked if tokens are valid: true, expires at: 1778851800808
[debug] [2026-05-15T12:30:05.681Z] >>> [apiv2][query] GET https://firebase.googleapis.com/v1beta1/projects/eduplanet-exam-results/adminSdkConfig [none]
[debug] [2026-05-15T12:30:06.371Z] <<< [apiv2][status] GET https://firebase.googleapis.com/v1beta1/projects/eduplanet-exam-results/adminSdkConfig 200
[debug] [2026-05-15T12:30:06.371Z] <<< [apiv2][body] GET https://firebase.googleapis.com/v1beta1/projects/eduplanet-exam-results/adminSdkConfig {"projectId":"eduplanet-exam-results","storageBucket":"eduplanet-exam-results.firebasestorage.app"}
[debug] [2026-05-15T12:30:06.373Z] Validating nodejs source
[debug] [2026-05-15T12:30:06.932Z] > [functions] package.json contents: {
  "name": "functions",
  "description": "Cloud Functions for Firebase",
  "scripts": {
    "serve": "firebase emulators:start --only functions",
    "shell": "firebase functions:shell",
    "start": "npm run shell",
    "deploy": "firebase deploy --only functions",
    "logs": "firebase functions:log"
  },
  "engines": {
    "node": "24"
  },
  "main": "index.js",
  "dependencies": {
    "firebase-admin": "^13.6.0",
    "firebase-functions": "^7.0.0"
  },
  "devDependencies": {
    "firebase-functions-test": "^3.4.1"
  },
  "private": true
}
[debug] [2026-05-15T12:30:06.932Z] Building nodejs source
[info] i  functions: Loading and analyzing source code for codebase default to determine what to deploy 
[debug] [2026-05-15T12:30:06.934Z] Could not find functions.yaml. Must use http discovery
[debug] [2026-05-15T12:30:06.942Z] Found firebase-functions binary at '/home/travis/Desktop/eduplanet_online_cat/functions/node_modules/.bin/firebase-functions'
[info] Serving at port 8654

[debug] [2026-05-15T12:30:07.251Z] Got response from /__/functions.yaml {"endpoints":{"remarkWithAI":{"availableMemoryMb":null,"timeoutSeconds":null,"minInstances":null,"maxInstances":null,"ingressSettings":null,"concurrency":null,"serviceAccountEmail":null,"vpc":null,"platform":"gcfv2","region":["us-central1"],"secretEnvironmentVariables":[{"key":"GROQ_API_KEY"}],"labels":{},"callableTrigger":{},"entryPoint":"remarkWithAI"}},"specVersion":"v1alpha1","requiredAPIs":[],"extensions":{},"params":[{"type":"secret","name":"GROQ_API_KEY"}]}
[debug] [2026-05-15T12:30:11.283Z] Checked if tokens are valid: true, expires at: 1778851800808
[debug] [2026-05-15T12:30:11.283Z] Checked if tokens are valid: true, expires at: 1778851800808
[debug] [2026-05-15T12:30:11.283Z] >>> [apiv2][query] GET https://cloudfunctions.googleapis.com/v1/projects/eduplanet-exam-results/locations/-/functions [none]
[debug] [2026-05-15T12:30:12.501Z] <<< [apiv2][status] GET https://cloudfunctions.googleapis.com/v1/projects/eduplanet-exam-results/locations/-/functions 200
[debug] [2026-05-15T12:30:12.502Z] <<< [apiv2][body] GET https://cloudfunctions.googleapis.com/v1/projects/eduplanet-exam-results/locations/-/functions {}
[debug] [2026-05-15T12:30:12.503Z] Checked if tokens are valid: true, expires at: 1778851800808
[debug] [2026-05-15T12:30:12.503Z] Checked if tokens are valid: true, expires at: 1778851800808
[debug] [2026-05-15T12:30:12.503Z] >>> [apiv2][query] GET https://cloudfunctions.googleapis.com/v2/projects/eduplanet-exam-results/locations/-/functions filter=environment%3D%22GEN_2%22
[debug] [2026-05-15T12:30:13.619Z] <<< [apiv2][status] GET https://cloudfunctions.googleapis.com/v2/projects/eduplanet-exam-results/locations/-/functions 200
[debug] [2026-05-15T12:30:13.619Z] <<< [apiv2][body] GET https://cloudfunctions.googleapis.com/v2/projects/eduplanet-exam-results/locations/-/functions {"functions":[{"name":"projects/eduplanet-exam-results/locations/us-central1/functions/remarkWithAI","buildConfig":{"build":"projects/364922806641/locations/us-central1/builds/7fba7684-6dcd-4c23-a02a-5504bbb3b6ba","runtime":"nodejs24","entryPoint":"remarkWithAI","source":{"storageSource":{"bucket":"gcf-v2-sources-364922806641-us-central1","object":"remarkWithAI/function-source.zip","generation":"1778845859180347"}},"environmentVariables":{"GOOGLE_NODE_RUN_SCRIPTS":""},"dockerRepository":"projects/eduplanet-exam-results/locations/us-central1/repositories/gcf-artifacts","sourceProvenance":{"resolvedStorageSource":{"bucket":"gcf-v2-sources-364922806641-us-central1","object":"remarkWithAI/function-source.zip","generation":"1778845859180347"}},"dockerRegistry":"ARTIFACT_REGISTRY","serviceAccount":"projects/eduplanet-exam-results/serviceAccounts/364922806641-compute@developer.gserviceaccount.com","automaticUpdatePolicy":{}},"serviceConfig":{"service":"projects/eduplanet-exam-results/locations/us-central1/services/remarkwithai","timeoutSeconds":60,"environmentVariables":{"FIREBASE_CONFIG":"{\"projectId\":\"eduplanet-exam-results\",\"storageBucket\":\"eduplanet-exam-results.firebasestorage.app\"}","GCLOUD_PROJECT":"eduplanet-exam-results","EVENTARC_CLOUD_EVENT_SOURCE":"projects/eduplanet-exam-results/locations/us-central1/services/remarkWithAI","FUNCTION_TARGET":"remarkWithAI","LOG_EXECUTION_ID":"true"},"maxInstanceCount":3,"ingressSettings":"ALLOW_ALL","uri":"https://remarkwithai-nc5js4i5oq-uc.a.run.app","serviceAccountEmail":"364922806641-compute@developer.gserviceaccount.com","availableMemory":"256Mi","allTrafficOnLatestRevision":true,"secretEnvironmentVariables":[{"key":"GROQ_API_KEY","projectId":"eduplanet-exam-results","secret":"GROQ_API_KEY","version":"1"}],"revision":"remarkwithai-00002-qey","maxInstanceRequestConcurrency":80,"availableCpu":"1"},"state":"ACTIVE","updateTime":"2026-05-15T11:51:46.821206045Z","labels":{"deployment-tool":"cli-firebase","deployment-callable":"true","firebase-functions-hash":"8a211c20f56e421ed7ed2e1de57b314845d59f7d"},"environment":"GEN_2","url":"https://us-central1-eduplanet-exam-results.cloudfunctions.net/remarkWithAI","createTime":"2026-05-15T10:32:03.302246528Z","satisfiesPzi":true}]}
[info] i  extensions: ensuring required API firebaseextensions.googleapis.com is enabled... 
[debug] [2026-05-15T12:30:13.622Z] > command requires scopes: ["email","openid","https://www.googleapis.com/auth/cloudplatformprojects.readonly","https://www.googleapis.com/auth/firebase","https://www.googleapis.com/auth/cloud-platform"]
[debug] [2026-05-15T12:30:13.622Z] > authorizing via signed-in user (nextgenskills96@gmail.com)
[debug] [2026-05-15T12:30:13.622Z] [iam] checking project eduplanet-exam-results for permissions ["firebase.projects.get","firebaseextensions.instances.list"]
[debug] [2026-05-15T12:30:13.622Z] Checked if tokens are valid: true, expires at: 1778851800808
[debug] [2026-05-15T12:30:13.622Z] Checked if tokens are valid: true, expires at: 1778851800808
[debug] [2026-05-15T12:30:13.623Z] >>> [apiv2][query] POST https://cloudresourcemanager.googleapis.com/v1/projects/eduplanet-exam-results:testIamPermissions [none]
[debug] [2026-05-15T12:30:13.623Z] >>> [apiv2][(partial)header] POST https://cloudresourcemanager.googleapis.com/v1/projects/eduplanet-exam-results:testIamPermissions  x-goog-user-project=eduplanet-exam-results
[debug] [2026-05-15T12:30:13.623Z] >>> [apiv2][body] POST https://cloudresourcemanager.googleapis.com/v1/projects/eduplanet-exam-results:testIamPermissions {"permissions":["firebase.projects.get","firebaseextensions.instances.list"]}
[debug] [2026-05-15T12:30:15.328Z] <<< [apiv2][status] POST https://cloudresourcemanager.googleapis.com/v1/projects/eduplanet-exam-results:testIamPermissions 200
[debug] [2026-05-15T12:30:15.328Z] <<< [apiv2][body] POST https://cloudresourcemanager.googleapis.com/v1/projects/eduplanet-exam-results:testIamPermissions {"permissions":["firebase.projects.get","firebaseextensions.instances.list"]}
[debug] [2026-05-15T12:30:15.330Z] Checked if tokens are valid: true, expires at: 1778851800808
[debug] [2026-05-15T12:30:15.331Z] Checked if tokens are valid: true, expires at: 1778851800808
[debug] [2026-05-15T12:30:15.331Z] >>> [apiv2][query] GET https://firebaseextensions.googleapis.com/v1beta/projects/eduplanet-exam-results/instances pageSize=100&pageToken=
[debug] [2026-05-15T12:30:17.336Z] <<< [apiv2][status] GET https://firebaseextensions.googleapis.com/v1beta/projects/eduplanet-exam-results/instances 200
[debug] [2026-05-15T12:30:17.336Z] <<< [apiv2][body] GET https://firebaseextensions.googleapis.com/v1beta/projects/eduplanet-exam-results/instances {}
[debug] [2026-05-15T12:30:17.340Z] Checked if tokens are valid: true, expires at: 1778851800808
[debug] [2026-05-15T12:30:17.341Z] Checked if tokens are valid: true, expires at: 1778851800808
[debug] [2026-05-15T12:30:17.341Z] >>> [apiv2][query] GET https://secretmanager.googleapis.com/v1/projects/eduplanet-exam-results/secrets/GROQ_API_KEY [none]
[debug] [2026-05-15T12:30:18.755Z] <<< [apiv2][status] GET https://secretmanager.googleapis.com/v1/projects/eduplanet-exam-results/secrets/GROQ_API_KEY 200
[debug] [2026-05-15T12:30:18.756Z] <<< [apiv2][body] GET https://secretmanager.googleapis.com/v1/projects/eduplanet-exam-results/secrets/GROQ_API_KEY {"name":"projects/364922806641/secrets/GROQ_API_KEY","replication":{"automatic":{}},"createTime":"2026-05-15T10:29:01.966594Z","labels":{"firebase-managed":"functions"},"etag":"\"1651d8ae83a350\""}
[debug] [2026-05-15T12:30:18.758Z] Checked if tokens are valid: true, expires at: 1778851800808
[debug] [2026-05-15T12:30:18.758Z] Checked if tokens are valid: true, expires at: 1778851800808
[debug] [2026-05-15T12:30:18.758Z] >>> [apiv2][query] GET https://secretmanager.googleapis.com/v1/projects/eduplanet-exam-results/secrets/GROQ_API_KEY/versions/latest [none]
[debug] [2026-05-15T12:30:19.102Z] <<< [apiv2][status] GET https://secretmanager.googleapis.com/v1/projects/eduplanet-exam-results/secrets/GROQ_API_KEY/versions/latest 200
[debug] [2026-05-15T12:30:19.102Z] <<< [apiv2][body] GET https://secretmanager.googleapis.com/v1/projects/eduplanet-exam-results/secrets/GROQ_API_KEY/versions/latest {"name":"projects/364922806641/secrets/GROQ_API_KEY/versions/1","createTime":"2026-05-15T10:29:45.044604Z","state":"ENABLED","replicationStatus":{"automatic":{}},"etag":"\"1651d8b106867c\""}
[info] i  functions: preparing functions directory for uploading... 
[info] i  functions: packaged /home/travis/Desktop/eduplanet_online_cat/functions (71.58 KB) for uploading 
[info] i  functions: ensuring required API run.googleapis.com is enabled... 
[info] i  functions: ensuring required API eventarc.googleapis.com is enabled... 
[info] i  functions: ensuring required API pubsub.googleapis.com is enabled... 
[info] i  functions: ensuring required API storage.googleapis.com is enabled... 
[info] i  functions: generating the service identity for pubsub.googleapis.com... 
[debug] [2026-05-15T12:30:19.171Z] Checked if tokens are valid: true, expires at: 1778851800808
[debug] [2026-05-15T12:30:19.171Z] Checked if tokens are valid: true, expires at: 1778851800808
[info] i  functions: generating the service identity for eventarc.googleapis.com... 
[debug] [2026-05-15T12:30:19.171Z] Checked if tokens are valid: true, expires at: 1778851800808
[debug] [2026-05-15T12:30:19.171Z] Checked if tokens are valid: true, expires at: 1778851800808
[debug] [2026-05-15T12:30:19.172Z] >>> [apiv2][query] POST https://serviceusage.googleapis.com/v1beta1/projects/364922806641/services/pubsub.googleapis.com:generateServiceIdentity [none]
[debug] [2026-05-15T12:30:19.172Z] >>> [apiv2][(partial)header] POST https://serviceusage.googleapis.com/v1beta1/projects/364922806641/services/pubsub.googleapis.com:generateServiceIdentity  x-goog-user-project=364922806641
[debug] [2026-05-15T12:30:19.172Z] >>> [apiv2][body] POST https://serviceusage.googleapis.com/v1beta1/projects/364922806641/services/pubsub.googleapis.com:generateServiceIdentity {}
[debug] [2026-05-15T12:30:19.173Z] >>> [apiv2][query] POST https://serviceusage.googleapis.com/v1beta1/projects/364922806641/services/eventarc.googleapis.com:generateServiceIdentity [none]
[debug] [2026-05-15T12:30:19.173Z] >>> [apiv2][(partial)header] POST https://serviceusage.googleapis.com/v1beta1/projects/364922806641/services/eventarc.googleapis.com:generateServiceIdentity  x-goog-user-project=364922806641
[debug] [2026-05-15T12:30:19.173Z] >>> [apiv2][body] POST https://serviceusage.googleapis.com/v1beta1/projects/364922806641/services/eventarc.googleapis.com:generateServiceIdentity {}
[debug] [2026-05-15T12:30:21.119Z] <<< [apiv2][status] POST https://serviceusage.googleapis.com/v1beta1/projects/364922806641/services/pubsub.googleapis.com:generateServiceIdentity 200
[debug] [2026-05-15T12:30:21.120Z] <<< [apiv2][body] POST https://serviceusage.googleapis.com/v1beta1/projects/364922806641/services/pubsub.googleapis.com:generateServiceIdentity {"name":"operations/finished.DONE_OPERATION","done":true,"response":{"@type":"type.googleapis.com/google.api.serviceusage.v1beta1.ServiceIdentity","email":"service-364922806641@gcp-sa-pubsub.iam.gserviceaccount.com","uniqueId":"102085337670130817280"}}
[debug] [2026-05-15T12:30:21.128Z] <<< [apiv2][status] POST https://serviceusage.googleapis.com/v1beta1/projects/364922806641/services/eventarc.googleapis.com:generateServiceIdentity 200
[debug] [2026-05-15T12:30:21.128Z] <<< [apiv2][body] POST https://serviceusage.googleapis.com/v1beta1/projects/364922806641/services/eventarc.googleapis.com:generateServiceIdentity {"name":"operations/finished.DONE_OPERATION","done":true,"response":{"@type":"type.googleapis.com/google.api.serviceusage.v1beta1.ServiceIdentity","email":"service-364922806641@gcp-sa-eventarc.iam.gserviceaccount.com","uniqueId":"102334749321516521709"}}
[info] i  functions: ensuring required API secretmanager.googleapis.com is enabled... 
[debug] [2026-05-15T12:30:21.131Z] Checked if tokens are valid: true, expires at: 1778851800808
[debug] [2026-05-15T12:30:21.131Z] Checked if tokens are valid: true, expires at: 1778851800808
[debug] [2026-05-15T12:30:21.132Z] >>> [apiv2][query] GET https://secretmanager.googleapis.com/v1/projects/eduplanet-exam-results/secrets/GROQ_API_KEY/versions/latest [none]
[debug] [2026-05-15T12:30:21.476Z] <<< [apiv2][status] GET https://secretmanager.googleapis.com/v1/projects/eduplanet-exam-results/secrets/GROQ_API_KEY/versions/latest 200
[debug] [2026-05-15T12:30:21.476Z] <<< [apiv2][body] GET https://secretmanager.googleapis.com/v1/projects/eduplanet-exam-results/secrets/GROQ_API_KEY/versions/latest {"name":"projects/364922806641/secrets/GROQ_API_KEY/versions/1","createTime":"2026-05-15T10:29:45.044604Z","state":"ENABLED","replicationStatus":{"automatic":{}},"etag":"\"1651d8b106867c\""}
[debug] [2026-05-15T12:30:21.477Z] Resolved secret version of GROQ_API_KEY to 1.
[debug] [2026-05-15T12:30:21.482Z] Checked if tokens are valid: true, expires at: 1778851800808
[debug] [2026-05-15T12:30:21.483Z] Checked if tokens are valid: true, expires at: 1778851800808
[debug] [2026-05-15T12:30:21.483Z] >>> [apiv2][query] GET https://cloudresourcemanager.googleapis.com/v1/projects/eduplanet-exam-results [none]
[debug] [2026-05-15T12:30:23.202Z] <<< [apiv2][status] GET https://cloudresourcemanager.googleapis.com/v1/projects/eduplanet-exam-results 200
[debug] [2026-05-15T12:30:23.202Z] <<< [apiv2][body] GET https://cloudresourcemanager.googleapis.com/v1/projects/eduplanet-exam-results {"projectNumber":"364922806641","projectId":"eduplanet-exam-results","lifecycleState":"ACTIVE","name":"EduPlanet Exam Results","labels":{"firebase":"enabled","firebase-core":"disabled"},"createTime":"2025-04-30T10:40:30.196294Z"}
[debug] [2026-05-15T12:30:23.202Z] Checked if tokens are valid: true, expires at: 1778851800808
[debug] [2026-05-15T12:30:23.203Z] Checked if tokens are valid: true, expires at: 1778851800808
[debug] [2026-05-15T12:30:23.203Z] >>> [apiv2][query] GET https://compute.googleapis.com/compute/v1/projects/364922806641 [none]
[debug] [2026-05-15T12:30:23.994Z] <<< [apiv2][status] GET https://compute.googleapis.com/compute/v1/projects/364922806641 403
[debug] [2026-05-15T12:30:23.994Z] <<< [apiv2][body] GET https://compute.googleapis.com/compute/v1/projects/364922806641 {"error":{"code":403,"message":"Compute Engine API has not been used in project 364922806641 before or it is disabled. Enable it by visiting https://console.developers.google.com/apis/api/compute.googleapis.com/overview?project=364922806641 then retry. If you enabled this API recently, wait a few minutes for the action to propagate to our systems and retry.","errors":[{"message":"Compute Engine API has not been used in project 364922806641 before or it is disabled. Enable it by visiting https://console.developers.google.com/apis/api/compute.googleapis.com/overview?project=364922806641 then retry. If you enabled this API recently, wait a few minutes for the action to propagate to our systems and retry.","domain":"usageLimits","reason":"accessNotConfigured","extendedHelp":"https://console.developers.google.com"}],"status":"PERMISSION_DENIED","details":[{"@type":"type.googleapis.com/google.rpc.ErrorInfo","reason":"SERVICE_DISABLED","domain":"googleapis.com","metadata":{"activationUrl":"https://console.developers.google.com/apis/api/compute.googleapis.com/overview?project=364922806641","consumer":"projects/364922806641","service":"compute.googleapis.com","containerInfo":"364922806641","serviceTitle":"Compute Engine API"}},{"@type":"type.googleapis.com/google.rpc.LocalizedMessage","locale":"en-US","message":"Compute Engine API has not been used in project 364922806641 before or it is disabled. Enable it by visiting https://console.developers.google.com/apis/api/compute.googleapis.com/overview?project=364922806641 then retry. If you enabled this API recently, wait a few minutes for the action to propagate to our systems and retry."},{"@type":"type.googleapis.com/google.rpc.Help","links":[{"description":"Google developers console API activation","url":"https://console.developers.google.com/apis/api/compute.googleapis.com/overview?project=364922806641"}]}]}}
[debug] [2026-05-15T12:30:23.995Z] unable to look up default compute service account. Falling back to 364922806641-compute@developer.gserviceaccount.com. Error: {"name":"FirebaseError","children":[],"context":{"body":{"error":{"code":403,"message":"Compute Engine API has not been used in project 364922806641 before or it is disabled. Enable it by visiting https://console.developers.google.com/apis/api/compute.googleapis.com/overview?project=364922806641 then retry. If you enabled this API recently, wait a few minutes for the action to propagate to our systems and retry.","errors":[{"message":"Compute Engine API has not been used in project 364922806641 before or it is disabled. Enable it by visiting https://console.developers.google.com/apis/api/compute.googleapis.com/overview?project=364922806641 then retry. If you enabled this API recently, wait a few minutes for the action to propagate to our systems and retry.","domain":"usageLimits","reason":"accessNotConfigured","extendedHelp":"https://console.developers.google.com"}],"status":"PERMISSION_DENIED","details":[{"@type":"type.googleapis.com/google.rpc.ErrorInfo","reason":"SERVICE_DISABLED","domain":"googleapis.com","metadata":{"activationUrl":"https://console.developers.google.com/apis/api/compute.googleapis.com/overview?project=364922806641","consumer":"projects/364922806641","service":"compute.googleapis.com","containerInfo":"364922806641","serviceTitle":"Compute Engine API"}},{"@type":"type.googleapis.com/google.rpc.LocalizedMessage","locale":"en-US","message":"Compute Engine API has not been used in project 364922806641 before or it is disabled. Enable it by visiting https://console.developers.google.com/apis/api/compute.googleapis.com/overview?project=364922806641 then retry. If you enabled this API recently, wait a few minutes for the action to propagate to our systems and retry."},{"@type":"type.googleapis.com/google.rpc.Help","links":[{"description":"Google developers console API activation","url":"https://console.developers.google.com/apis/api/compute.googleapis.com/overview?project=364922806641"}]}]}},"response":{"statusCode":403}},"exit":1,"message":"Request to https://compute.googleapis.com/compute/v1/projects/364922806641 had HTTP Error: 403, Compute Engine API has not been used in project 364922806641 before or it is disabled. Enable it by visiting https://console.developers.google.com/apis/api/compute.googleapis.com/overview?project=364922806641 then retry. If you enabled this API recently, wait a few minutes for the action to propagate to our systems and retry.","status":403}
[debug] [2026-05-15T12:30:23.997Z] Checked if tokens are valid: true, expires at: 1778851800808
[debug] [2026-05-15T12:30:23.997Z] Checked if tokens are valid: true, expires at: 1778851800808
[debug] [2026-05-15T12:30:23.997Z] >>> [apiv2][query] GET https://cloudbilling.googleapis.com/v1/projects/eduplanet-exam-results/billingInfo [none]
[debug] [2026-05-15T12:30:24.917Z] <<< [apiv2][status] GET https://cloudbilling.googleapis.com/v1/projects/eduplanet-exam-results/billingInfo 200
[debug] [2026-05-15T12:30:24.918Z] <<< [apiv2][body] GET https://cloudbilling.googleapis.com/v1/projects/eduplanet-exam-results/billingInfo {"name":"projects/eduplanet-exam-results/billingInfo","projectId":"eduplanet-exam-results","billingAccountName":"billingAccounts/016769-61A988-3D8393","billingEnabled":true}
[debug] [2026-05-15T12:30:24.921Z] Checked if tokens are valid: true, expires at: 1778851800808
[debug] [2026-05-15T12:30:24.921Z] Checked if tokens are valid: true, expires at: 1778851800808
[debug] [2026-05-15T12:30:24.921Z] >>> [apiv2][query] POST https://cloudfunctions.googleapis.com/v2/projects/eduplanet-exam-results/locations/us-central1/functions:generateUploadUrl [none]
[debug] [2026-05-15T12:30:26.166Z] <<< [apiv2][status] POST https://cloudfunctions.googleapis.com/v2/projects/eduplanet-exam-results/locations/us-central1/functions:generateUploadUrl 200
[debug] [2026-05-15T12:30:26.166Z] <<< [apiv2][body] POST https://cloudfunctions.googleapis.com/v2/projects/eduplanet-exam-results/locations/us-central1/functions:generateUploadUrl {"uploadUrl":"https://storage.googleapis.com/gcf-v2-uploads-364922806641.us-central1.cloudfunctions.appspot.com/e570933d-276f-4435-b6c6-c773268bc146.zip?GoogleAccessId=service-364922806641@gcf-admin-robot.iam.gserviceaccount.com&Expires=1778850025&Signature=hb%2FwB0MA1kCSEbrTxjb9WUv03TQQNQD5WDReHoHeeVPFoqaNUPgF03c%2BIQvGvehRSUHSc3K1x9r%2BX9JKgN53BHkji2WVNwgdXlQ7ENFTB4jiMsbtqeaXbyZlaZKV9mVDv%2F2ysw8yNEqNGIvJ6MrTelFhzNZ4G%2BiE7v8hebdZmhGHZL8ANCRmdhD5eWP2AtWkPqdrqKT%2BEYARY9Umw9D31%2FuaxANN%2B%2FXMvSPInfCdNxI90CPOBE1%2FhguNbPI88cd9C8Fiu4AmfAoaHuA9HVfASSGVIuzo4g1H1Q6K6vxnqodCWhLp3gxK0NmsgvCKoOZKdCbxv8J49K3PN%2FbShpt%2B7Q%3D%3D","storageSource":{"bucket":"gcf-v2-uploads-364922806641.us-central1.cloudfunctions.appspot.com","object":"e570933d-276f-4435-b6c6-c773268bc146.zip"}}
[debug] [2026-05-15T12:30:26.168Z] >>> [apiv2][query] PUT https://storage.googleapis.com/gcf-v2-uploads-364922806641.us-central1.cloudfunctions.appspot.com/e570933d-276f-4435-b6c6-c773268bc146.zip GoogleAccessId=service-364922806641%40gcf-admin-robot.iam.gserviceaccount.com&Expires=1778850025&Signature=hb%2FwB0MA1kCSEbrTxjb9WUv03TQQNQD5WDReHoHeeVPFoqaNUPgF03c%2BIQvGvehRSUHSc3K1x9r%2BX9JKgN53BHkji2WVNwgdXlQ7ENFTB4jiMsbtqeaXbyZlaZKV9mVDv%2F2ysw8yNEqNGIvJ6MrTelFhzNZ4G%2BiE7v8hebdZmhGHZL8ANCRmdhD5eWP2AtWkPqdrqKT%2BEYARY9Umw9D31%2FuaxANN%2B%2FXMvSPInfCdNxI90CPOBE1%2FhguNbPI88cd9C8Fiu4AmfAoaHuA9HVfASSGVIuzo4g1H1Q6K6vxnqodCWhLp3gxK0NmsgvCKoOZKdCbxv8J49K3PN%2FbShpt%2B7Q%3D%3D
[debug] [2026-05-15T12:30:26.169Z] >>> [apiv2][body] PUT https://storage.googleapis.com/gcf-v2-uploads-364922806641.us-central1.cloudfunctions.appspot.com/e570933d-276f-4435-b6c6-c773268bc146.zip [stream]
[debug] [2026-05-15T12:30:27.343Z] <<< [apiv2][status] PUT https://storage.googleapis.com/gcf-v2-uploads-364922806641.us-central1.cloudfunctions.appspot.com/e570933d-276f-4435-b6c6-c773268bc146.zip 200
[debug] [2026-05-15T12:30:27.343Z] <<< [apiv2][body] PUT https://storage.googleapis.com/gcf-v2-uploads-364922806641.us-central1.cloudfunctions.appspot.com/e570933d-276f-4435-b6c6-c773268bc146.zip [omitted]
[info] ✔  functions: functions source uploaded successfully 
[info] i  functions: updating Node.js 24 (2nd Gen) function remarkWithAI(us-central1)... 
[debug] [2026-05-15T12:30:27.350Z] Checked if tokens are valid: true, expires at: 1778851800808
[debug] [2026-05-15T12:30:27.350Z] Checked if tokens are valid: true, expires at: 1778851800808
[debug] [2026-05-15T12:30:27.351Z] >>> [apiv2][query] PATCH https://cloudfunctions.googleapis.com/v2/projects/eduplanet-exam-results/locations/us-central1/functions/remarkWithAI updateMask=name%2CbuildConfig.runtime%2CbuildConfig.entryPoint%2CbuildConfig.source.storageSource.bucket%2CbuildConfig.source.storageSource.object%2CbuildConfig.environmentVariables%2CbuildConfig.sourceToken%2CserviceConfig.environmentVariables%2CserviceConfig.secretEnvironmentVariables%2CserviceConfig.ingressSettings%2CserviceConfig.timeoutSeconds%2CserviceConfig.serviceAccountEmail%2CserviceConfig.availableMemory%2CserviceConfig.minInstanceCount%2CserviceConfig.maxInstanceCount%2CserviceConfig.maxInstanceRequestConcurrency%2CserviceConfig.availableCpu%2CserviceConfig.vpcConnector%2CserviceConfig.vpcConnectorEgressSettings%2CserviceConfig.directVpcNetworkInterface%2CserviceConfig.directVpcEgress%2Clabels
[debug] [2026-05-15T12:30:27.351Z] >>> [apiv2][body] PATCH https://cloudfunctions.googleapis.com/v2/projects/eduplanet-exam-results/locations/us-central1/functions/remarkWithAI {"name":"projects/eduplanet-exam-results/locations/us-central1/functions/remarkWithAI","buildConfig":{"runtime":"nodejs24","entryPoint":"remarkWithAI","source":{"storageSource":{"bucket":"gcf-v2-uploads-364922806641.us-central1.cloudfunctions.appspot.com","object":"e570933d-276f-4435-b6c6-c773268bc146.zip"}},"environmentVariables":{"GOOGLE_NODE_RUN_SCRIPTS":""}},"serviceConfig":{"environmentVariables":{"FIREBASE_CONFIG":"{\"projectId\":\"eduplanet-exam-results\",\"storageBucket\":\"eduplanet-exam-results.firebasestorage.app\"}","GCLOUD_PROJECT":"eduplanet-exam-results","EVENTARC_CLOUD_EVENT_SOURCE":"projects/eduplanet-exam-results/locations/us-central1/services/remarkWithAI","FUNCTION_TARGET":"remarkWithAI","LOG_EXECUTION_ID":"true"},"secretEnvironmentVariables":[{"key":"GROQ_API_KEY","secret":"GROQ_API_KEY","projectId":"eduplanet-exam-results","version":"1"}],"ingressSettings":null,"timeoutSeconds":null,"serviceAccountEmail":null,"availableMemory":"256Mi","minInstanceCount":null,"maxInstanceCount":null,"maxInstanceRequestConcurrency":80,"availableCpu":"1","vpcConnector":null,"vpcConnectorEgressSettings":null,"directVpcNetworkInterface":null,"directVpcEgress":null},"labels":{"deployment-tool":"cli-firebase","deployment-callable":"true","firebase-functions-hash":"b86c74ddf1fc7b2f235c1a62dec9f5951a847553"}}
[debug] [2026-05-15T12:30:29.168Z] <<< [apiv2][status] PATCH https://cloudfunctions.googleapis.com/v2/projects/eduplanet-exam-results/locations/us-central1/functions/remarkWithAI 200
[debug] [2026-05-15T12:30:29.168Z] <<< [apiv2][body] PATCH https://cloudfunctions.googleapis.com/v2/projects/eduplanet-exam-results/locations/us-central1/functions/remarkWithAI {"name":"projects/eduplanet-exam-results/locations/us-central1/operations/operation-1778848228070-651da60be52dd-a795b420-3d78427d","metadata":{"@type":"type.googleapis.com/google.cloud.functions.v2.OperationMetadata","createTime":"2026-05-15T12:30:29.005564347Z","target":"projects/eduplanet-exam-results/locations/us-central1/functions/remarkWithAI","verb":"update","cancelRequested":false,"apiVersion":"v2"},"done":false}
[debug] [2026-05-15T12:30:29.170Z] Checked if tokens are valid: true, expires at: 1778851800808
[debug] [2026-05-15T12:30:29.170Z] Checked if tokens are valid: true, expires at: 1778851800808
[debug] [2026-05-15T12:30:29.171Z] >>> [apiv2][query] GET https://cloudfunctions.googleapis.com/v2/projects/eduplanet-exam-results/locations/us-central1/operations/operation-1778848228070-651da60be52dd-a795b420-3d78427d [none]
[debug] [2026-05-15T12:30:30.034Z] <<< [apiv2][status] GET https://cloudfunctions.googleapis.com/v2/projects/eduplanet-exam-results/locations/us-central1/operations/operation-1778848228070-651da60be52dd-a795b420-3d78427d 200
[debug] [2026-05-15T12:30:30.034Z] <<< [apiv2][body] GET https://cloudfunctions.googleapis.com/v2/projects/eduplanet-exam-results/locations/us-central1/operations/operation-1778848228070-651da60be52dd-a795b420-3d78427d {"name":"projects/eduplanet-exam-results/locations/us-central1/operations/operation-1778848228070-651da60be52dd-a795b420-3d78427d","metadata":{"@type":"type.googleapis.com/google.cloud.functions.v2.OperationMetadata","createTime":"2026-05-15T12:30:29.005564347Z","target":"projects/eduplanet-exam-results/locations/us-central1/functions/remarkWithAI","verb":"update","cancelRequested":false,"apiVersion":"v2","requestResource":{"@type":"type.googleapis.com/google.cloud.functions.v2.Function","name":"projects/eduplanet-exam-results/locations/us-central1/functions/remarkWithAI","buildConfig":{"runtime":"nodejs24","entryPoint":"remarkWithAI","source":{"storageSource":{"bucket":"gcf-v2-sources-364922806641-us-central1","object":"remarkWithAI/function-source.zip","generation":"1778848228945749"}},"environmentVariables":{"GOOGLE_NODE_RUN_SCRIPTS":""},"dockerRepository":"projects/eduplanet-exam-results/locations/us-central1/repositories/gcf-artifacts","sourceProvenance":{"resolvedStorageSource":{"bucket":"gcf-v2-sources-364922806641-us-central1","object":"remarkWithAI/function-source.zip","generation":"1778845859180347"}},"dockerRegistry":"ARTIFACT_REGISTRY","serviceAccount":"projects/eduplanet-exam-results/serviceAccounts/364922806641-compute@developer.gserviceaccount.com","automaticUpdatePolicy":{}},"serviceConfig":{"service":"projects/eduplanet-exam-results/locations/us-central1/services/remarkwithai","timeoutSeconds":60,"environmentVariables":{"FIREBASE_CONFIG":"{\"projectId\":\"eduplanet-exam-results\",\"storageBucket\":\"eduplanet-exam-results.firebasestorage.app\"}","GCLOUD_PROJECT":"eduplanet-exam-results","EVENTARC_CLOUD_EVENT_SOURCE":"projects/eduplanet-exam-results/locations/us-central1/services/remarkWithAI","FUNCTION_TARGET":"remarkWithAI","LOG_EXECUTION_ID":"true"},"ingressSettings":"ALLOW_ALL","uri":"https://remarkwithai-nc5js4i5oq-uc.a.run.app","serviceAccountEmail":"364922806641-compute@developer.gserviceaccount.com","availableMemory":"256Mi","allTrafficOnLatestRevision":true,"secretEnvironmentVariables":[{"key":"GROQ_API_KEY","projectId":"eduplanet-exam-results","secret":"GROQ_API_KEY","version":"1"}],"revision":"remarkwithai-00002-qey","maxInstanceRequestConcurrency":80,"availableCpu":"1"},"state":"ACTIVE","labels":{"deployment-tool":"cloudfunctions","deployment-callable":"true","firebase-functions-hash":"b86c74ddf1fc7b2f235c1a62dec9f5951a847553"},"environment":"GEN_2","url":"https://us-central1-eduplanet-exam-results.cloudfunctions.net/remarkWithAI","satisfiesPzi":true},"stages":[{"name":"BUILD","message":"Creating build","state":"IN_PROGRESS","resource":"projects/364922806641/locations/us-central1/builds/5e9d597f-3c06-4a37-a52e-864cc9750731","resourceUri":"https://console.cloud.google.com/cloud-build/builds;region=us-central1/5e9d597f-3c06-4a37-a52e-864cc9750731?project=364922806641"},{"name":"SERVICE","state":"NOT_STARTED"}],"operationType":"UPDATE_FUNCTION","buildName":"projects/364922806641/locations/us-central1/builds/5e9d597f-3c06-4a37-a52e-864cc9750731"},"done":false}
